[2025-07-30 20:02:28,340] INFO verificationapp.middleware Incoming request GET /api/validate/valid_id/ - Request ID: 20c98cd4-f2be-4de1-8a70-235241e70fe8
[2025-07-30 20:02:28,399] INFO verificationapp.middleware Response status: 405 - Request ID: 20c98cd4-f2be-4de1-8a70-235241e70fe8
[2025-07-30 20:03:07,468] INFO verificationapp.middleware Incoming request POST /api/validate/valid_id/ - Request ID: 8c4db6a0-c5ea-4cc2-ad41-ea9f003225d4
[2025-07-30 20:03:07,526] INFO verificationapp.middleware Response status: 201 - Request ID: 8c4db6a0-c5ea-4cc2-ad41-ea9f003225d4
[2025-07-30 20:06:45,859] INFO verificationapp.middleware Incoming request GET /api/validate/valid_id/ - Request ID: c151fca8-64e1-497c-b01b-58bc38e86b1f
[2025-07-30 20:06:45,905] INFO verificationapp.middleware Response status: 405 - Request ID: c151fca8-64e1-497c-b01b-58bc38e86b1f
[2025-07-30 20:06:46,325] INFO verificationapp.middleware Incoming request GET /api/validate/valid_id/ - Request ID: fba8817c-e1ec-4385-a242-aa6c0734f3fa
[2025-07-30 20:06:46,396] INFO verificationapp.middleware Response status: 405 - Request ID: fba8817c-e1ec-4385-a242-aa6c0734f3fa
[2025-07-30 20:06:46,704] INFO verificationapp.middleware Incoming request GET /api/validate/valid_id/ - Request ID: 9dadd11b-ff8e-44b0-9e03-18d47c58fd68
[2025-07-30 20:06:46,761] INFO verificationapp.middleware Response status: 405 - Request ID: 9dadd11b-ff8e-44b0-9e03-18d47c58fd68
[2025-07-30 20:06:47,167] INFO verificationapp.middleware Incoming request GET /api/validate/valid_id/ - Request ID: 0c38180e-0f70-4ddc-914f-ab9021e10d36
[2025-07-30 20:06:47,200] INFO verificationapp.middleware Response status: 405 - Request ID: 0c38180e-0f70-4ddc-914f-ab9021e10d36
[2025-07-30 20:06:47,589] INFO verificationapp.middleware Incoming request GET /api/validate/valid_id/ - Request ID: bdfc5d44-6d64-4c48-b60f-a44565bdfdd5
[2025-07-30 20:06:47,654] INFO verificationapp.middleware Response status: 405 - Request ID: bdfc5d44-6d64-4c48-b60f-a44565bdfdd5
[2025-07-30 20:06:47,919] INFO verificationapp.middleware Incoming request GET /api/validate/valid_id/ - Request ID: 7d0aacae-5347-4e3c-8094-abeaceb78d05
[2025-07-30 20:06:48,020] INFO verificationapp.middleware Response status: 405 - Request ID: 7d0aacae-5347-4e3c-8094-abeaceb78d05
[2025-07-30 20:06:48,214] INFO verificationapp.middleware Incoming request GET /api/validate/valid_id/ - Request ID: e04b41dc-d991-45b4-bcbf-3d5ab3a3a977
[2025-07-30 20:06:48,262] INFO verificationapp.middleware Response status: 405 - Request ID: e04b41dc-d991-45b4-bcbf-3d5ab3a3a977
[2025-07-30 20:06:48,444] INFO verificationapp.middleware Incoming request GET /api/validate/valid_id/ - Request ID: 171c2a8f-4415-4529-9b98-b57ef9fa4439
[2025-07-30 20:06:48,464] INFO verificationapp.middleware Response status: 405 - Request ID: 171c2a8f-4415-4529-9b98-b57ef9fa4439
[2025-07-30 20:06:48,686] INFO verificationapp.middleware Incoming request GET /api/validate/valid_id/ - Request ID: bb268bdf-8924-425d-a5df-c697ab031747
[2025-07-30 20:06:48,768] INFO verificationapp.middleware Response status: 405 - Request ID: bb268bdf-8924-425d-a5df-c697ab031747
[2025-07-30 20:06:48,878] INFO verificationapp.middleware Incoming request GET /api/validate/valid_id/ - Request ID: caf169d4-9a2d-4667-aa40-68f270f1d6c6
[2025-07-30 20:06:48,928] INFO verificationapp.middleware Response status: 405 - Request ID: caf169d4-9a2d-4667-aa40-68f270f1d6c6
[2025-07-30 20:06:49,067] INFO verificationapp.middleware Incoming request GET /api/validate/valid_id/ - Request ID: 501986c5-0ead-4e04-bc9a-3b6c8475f18e
[2025-07-30 20:06:49,082] INFO verificationapp.middleware Response status: 405 - Request ID: 501986c5-0ead-4e04-bc9a-3b6c8475f18e
[2025-07-30 20:06:49,265] INFO verificationapp.middleware Incoming request GET /api/validate/valid_id/ - Request ID: da4ea039-f533-460b-b4aa-9d782263564f
[2025-07-30 20:06:49,329] INFO verificationapp.middleware Response status: 405 - Request ID: da4ea039-f533-460b-b4aa-9d782263564f
[2025-07-30 20:06:49,427] INFO verificationapp.middleware Incoming request GET /api/validate/valid_id/ - Request ID: 3236affe-89de-44b5-8461-9f186a87a6e6
[2025-07-30 20:06:49,443] INFO verificationapp.middleware Response status: 405 - Request ID: 3236affe-89de-44b5-8461-9f186a87a6e6
[2025-07-30 20:06:49,602] INFO verificationapp.middleware Incoming request GET /api/validate/valid_id/ - Request ID: c53f6797-c2af-469e-9e05-5c8908ef481f
[2025-07-30 20:06:49,622] INFO verificationapp.middleware Response status: 405 - Request ID: c53f6797-c2af-469e-9e05-5c8908ef481f
[2025-07-30 20:06:49,778] INFO verificationapp.middleware Incoming request GET /api/validate/valid_id/ - Request ID: de6f871c-fd7a-471e-a345-5004797a9624
[2025-07-30 20:06:49,796] INFO verificationapp.middleware Response status: 405 - Request ID: de6f871c-fd7a-471e-a345-5004797a9624
[2025-07-30 20:06:49,992] INFO verificationapp.middleware Incoming request GET /api/validate/valid_id/ - Request ID: 7b0c29c4-0db6-4ba7-aa6c-56ec69017588
[2025-07-30 20:06:50,031] INFO verificationapp.middleware Response status: 405 - Request ID: 7b0c29c4-0db6-4ba7-aa6c-56ec69017588
[2025-07-30 20:06:50,115] INFO verificationapp.middleware Incoming request GET /api/validate/valid_id/ - Request ID: 820e8d98-48bc-4261-a9e9-ebda24d9a0bd
[2025-07-30 20:06:50,130] INFO verificationapp.middleware Response status: 405 - Request ID: 820e8d98-48bc-4261-a9e9-ebda24d9a0bd
[2025-07-30 20:06:50,310] INFO verificationapp.middleware Incoming request GET /api/validate/valid_id/ - Request ID: f3891bef-b730-4f65-a64a-8f933b8aee5d
[2025-07-30 20:06:50,348] INFO verificationapp.middleware Response status: 405 - Request ID: f3891bef-b730-4f65-a64a-8f933b8aee5d
[2025-07-30 20:06:50,450] INFO verificationapp.middleware Incoming request GET /api/validate/valid_id/ - Request ID: df28963b-fc3f-4f2a-8083-f9ab0ceb29c2
[2025-07-30 20:06:50,467] INFO verificationapp.middleware Response status: 405 - Request ID: df28963b-fc3f-4f2a-8083-f9ab0ceb29c2
[2025-07-30 20:06:50,635] INFO verificationapp.middleware Incoming request GET /api/validate/valid_id/ - Request ID: e2ebd05c-b2da-4142-85c8-62f53aaa4d0e
[2025-07-30 20:06:50,689] INFO verificationapp.middleware Response status: 405 - Request ID: e2ebd05c-b2da-4142-85c8-62f53aaa4d0e
[2025-07-30 20:06:50,791] INFO verificationapp.middleware Incoming request GET /api/validate/valid_id/ - Request ID: 7e74340f-88d9-4d2b-8f66-a43bbb60c23d
[2025-07-30 20:06:50,805] INFO verificationapp.middleware Response status: 405 - Request ID: 7e74340f-88d9-4d2b-8f66-a43bbb60c23d
[2025-07-30 20:06:50,970] INFO verificationapp.middleware Incoming request GET /api/validate/valid_id/ - Request ID: 805f314e-95a3-4ac1-bc9e-4b9de93dcd97
[2025-07-30 20:06:51,005] INFO verificationapp.middleware Response status: 405 - Request ID: 805f314e-95a3-4ac1-bc9e-4b9de93dcd97
[2025-07-30 20:06:51,143] INFO verificationapp.middleware Incoming request GET /api/validate/valid_id/ - Request ID: 1f44c73d-d304-43c5-9eb4-2441cb98137d
[2025-07-30 20:06:51,158] INFO verificationapp.middleware Response status: 405 - Request ID: 1f44c73d-d304-43c5-9eb4-2441cb98137d
[2025-07-30 20:06:51,342] INFO verificationapp.middleware Incoming request GET /api/validate/valid_id/ - Request ID: c3fdae25-3846-4613-ba59-9b40be90d28f
[2025-07-30 20:06:51,412] INFO verificationapp.middleware Response status: 405 - Request ID: c3fdae25-3846-4613-ba59-9b40be90d28f
[2025-07-30 20:06:51,516] INFO verificationapp.middleware Incoming request GET /api/validate/valid_id/ - Request ID: 9ce61155-9578-40c0-91a4-f10f4c8ed360
[2025-07-30 20:06:51,542] INFO verificationapp.middleware Response status: 405 - Request ID: 9ce61155-9578-40c0-91a4-f10f4c8ed360
[2025-07-30 20:06:51,688] INFO verificationapp.middleware Incoming request GET /api/validate/valid_id/ - Request ID: 95eb191c-9830-4420-9fdb-f782ade5359e
[2025-07-30 20:06:51,716] INFO verificationapp.middleware Response status: 405 - Request ID: 95eb191c-9830-4420-9fdb-f782ade5359e
[2025-07-30 20:06:51,863] INFO verificationapp.middleware Incoming request GET /api/validate/valid_id/ - Request ID: 03484b5d-3051-428d-a74d-147ce6428f92
[2025-07-30 20:06:51,879] INFO verificationapp.middleware Response status: 405 - Request ID: 03484b5d-3051-428d-a74d-147ce6428f92
[2025-07-30 20:06:52,051] INFO verificationapp.middleware Incoming request GET /api/validate/valid_id/ - Request ID: 0e717fa0-9cad-41b5-8247-961c9aac3eb0
[2025-07-30 20:06:52,070] INFO verificationapp.middleware Response status: 405 - Request ID: 0e717fa0-9cad-41b5-8247-961c9aac3eb0
[2025-07-30 20:06:52,212] INFO verificationapp.middleware Incoming request GET /api/validate/valid_id/ - Request ID: 46518f2b-68ed-413d-9af0-96bd43e5c451
[2025-07-30 20:06:52,227] INFO verificationapp.middleware Response status: 405 - Request ID: 46518f2b-68ed-413d-9af0-96bd43e5c451
[2025-07-30 20:06:52,383] INFO verificationapp.middleware Incoming request GET /api/validate/valid_id/ - Request ID: b5164170-92d1-474c-b29a-5cbc20dc74cc
[2025-07-30 20:06:52,401] INFO verificationapp.middleware Response status: 405 - Request ID: b5164170-92d1-474c-b29a-5cbc20dc74cc
[2025-07-30 20:06:52,558] INFO verificationapp.middleware Incoming request GET /api/validate/valid_id/ - Request ID: 7f3da1d5-f26b-4330-8398-a79bd63d2d7a
[2025-07-30 20:06:52,577] INFO verificationapp.middleware Response status: 405 - Request ID: 7f3da1d5-f26b-4330-8398-a79bd63d2d7a
[2025-07-30 20:06:52,756] INFO verificationapp.middleware Incoming request GET /api/validate/valid_id/ - Request ID: 406fccb8-8417-45b7-a3d8-9cb9af1d29f6
[2025-07-30 20:06:52,817] INFO verificationapp.middleware Response status: 405 - Request ID: 406fccb8-8417-45b7-a3d8-9cb9af1d29f6
[2025-07-30 20:06:52,918] INFO verificationapp.middleware Incoming request GET /api/validate/valid_id/ - Request ID: 2454aa9e-c53c-4249-a560-0afb29a3a209
[2025-07-30 20:06:52,934] INFO verificationapp.middleware Response status: 405 - Request ID: 2454aa9e-c53c-4249-a560-0afb29a3a209
[2025-07-30 20:06:53,123] INFO verificationapp.middleware Incoming request GET /api/validate/valid_id/ - Request ID: c5d8450a-9216-47d0-acc9-7a4f1ed4cbd8
[2025-07-30 20:06:53,156] INFO verificationapp.middleware Response status: 405 - Request ID: c5d8450a-9216-47d0-acc9-7a4f1ed4cbd8
[2025-07-30 20:06:53,296] INFO verificationapp.middleware Incoming request GET /api/validate/valid_id/ - Request ID: a026d028-808d-4369-9a61-b6a52ea1905e
[2025-07-30 20:06:53,313] INFO verificationapp.middleware Response status: 405 - Request ID: a026d028-808d-4369-9a61-b6a52ea1905e
[2025-07-30 20:06:53,488] INFO verificationapp.middleware Incoming request GET /api/validate/valid_id/ - Request ID: 836bff76-4d7c-49d4-9d46-2c4a04d04e8f
[2025-07-30 20:06:53,522] INFO verificationapp.middleware Response status: 405 - Request ID: 836bff76-4d7c-49d4-9d46-2c4a04d04e8f
[2025-07-30 20:06:53,659] INFO verificationapp.middleware Incoming request GET /api/validate/valid_id/ - Request ID: 5d4e0c55-10ff-4f34-865b-b7e81048b2bc
[2025-07-30 20:06:53,678] INFO verificationapp.middleware Response status: 405 - Request ID: 5d4e0c55-10ff-4f34-865b-b7e81048b2bc
[2025-07-30 20:06:53,831] INFO verificationapp.middleware Incoming request GET /api/validate/valid_id/ - Request ID: 61cd91ab-3be3-4992-89f9-3ef7e39617a2
[2025-07-30 20:06:53,852] INFO verificationapp.middleware Response status: 405 - Request ID: 61cd91ab-3be3-4992-89f9-3ef7e39617a2
[2025-07-30 20:07:05,072] INFO verificationapp.middleware Incoming request GET /api/validate/valid_id/ - Request ID: 9432fca9-8c08-460e-b724-1e861376bdd6
[2025-07-30 20:07:05,107] INFO verificationapp.middleware Response status: 405 - Request ID: 9432fca9-8c08-460e-b724-1e861376bdd6
[2025-07-30 20:07:05,583] INFO verificationapp.middleware Incoming request GET /api/validate/valid_id/ - Request ID: 8aa5d956-c242-4635-85c5-1a48e8dfcb26
[2025-07-30 20:07:05,643] INFO verificationapp.middleware Response status: 405 - Request ID: 8aa5d956-c242-4635-85c5-1a48e8dfcb26
[2025-07-30 20:07:06,090] INFO verificationapp.middleware Incoming request GET /api/validate/valid_id/ - Request ID: d7a954af-cd47-4764-b401-f4f159606e62
[2025-07-30 20:07:06,172] INFO verificationapp.middleware Response status: 405 - Request ID: d7a954af-cd47-4764-b401-f4f159606e62
[2025-07-30 20:07:06,524] INFO verificationapp.middleware Incoming request GET /api/validate/valid_id/ - Request ID: 1f57a19a-7bbd-4033-8792-30b6f35dd5ea
[2025-07-30 20:07:06,576] INFO verificationapp.middleware Response status: 405 - Request ID: 1f57a19a-7bbd-4033-8792-30b6f35dd5ea
[2025-07-30 20:07:06,986] INFO verificationapp.middleware Incoming request GET /api/validate/valid_id/ - Request ID: f316295c-b882-4f9a-8b13-fc8a26d3028f
[2025-07-30 20:07:07,051] INFO verificationapp.middleware Response status: 405 - Request ID: f316295c-b882-4f9a-8b13-fc8a26d3028f
[2025-07-30 20:07:07,448] INFO verificationapp.middleware Incoming request GET /api/validate/valid_id/ - Request ID: 6546809c-2814-4a97-93a8-064bd208fc42
[2025-07-30 20:07:07,474] INFO verificationapp.middleware Response status: 405 - Request ID: 6546809c-2814-4a97-93a8-064bd208fc42
[2025-07-30 20:07:07,883] INFO verificationapp.middleware Incoming request GET /api/validate/valid_id/ - Request ID: a0c607a4-d027-49ca-8f76-83521563ad72
[2025-07-30 20:07:07,930] INFO verificationapp.middleware Response status: 405 - Request ID: a0c607a4-d027-49ca-8f76-83521563ad72
[2025-07-30 20:07:08,263] INFO verificationapp.middleware Incoming request GET /api/validate/valid_id/ - Request ID: 4971a3a6-479a-4b0a-acec-7646719f0bbb
[2025-07-30 20:07:08,332] INFO verificationapp.middleware Response status: 405 - Request ID: 4971a3a6-479a-4b0a-acec-7646719f0bbb
[2025-07-30 20:07:08,666] INFO verificationapp.middleware Incoming request GET /api/validate/valid_id/ - Request ID: 9b2aaf2f-c760-41a7-a664-b022a106f110
[2025-07-30 20:07:08,718] INFO verificationapp.middleware Response status: 405 - Request ID: 9b2aaf2f-c760-41a7-a664-b022a106f110
[2025-07-30 20:07:09,007] INFO verificationapp.middleware Incoming request GET /api/validate/valid_id/ - Request ID: 3311d39c-cc72-4c42-8b37-6e2f024995f8
[2025-07-30 20:07:09,067] INFO verificationapp.middleware Response status: 405 - Request ID: 3311d39c-cc72-4c42-8b37-6e2f024995f8
[2025-07-30 20:07:09,230] INFO verificationapp.middleware Incoming request GET /api/validate/valid_id/ - Request ID: 22745af6-1b27-4df2-a57e-9047bf52933e
[2025-07-30 20:07:09,252] INFO verificationapp.middleware Response status: 405 - Request ID: 22745af6-1b27-4df2-a57e-9047bf52933e
[2025-07-30 20:07:09,483] INFO verificationapp.middleware Incoming request GET /api/validate/valid_id/ - Request ID: 4585a102-5d41-400a-8585-629cbcb0cb6a
[2025-07-30 20:07:09,513] INFO verificationapp.middleware Response status: 405 - Request ID: 4585a102-5d41-400a-8585-629cbcb0cb6a
[2025-07-30 20:07:09,697] INFO verificationapp.middleware Incoming request GET /api/validate/valid_id/ - Request ID: b7edc90d-526b-4711-af50-475f830c19b5
[2025-07-30 20:07:09,720] INFO verificationapp.middleware Response status: 405 - Request ID: b7edc90d-526b-4711-af50-475f830c19b5
[2025-07-30 20:07:09,925] INFO verificationapp.middleware Incoming request GET /api/validate/valid_id/ - Request ID: 1ae28430-0304-4995-ac84-c0d41a62ba14
[2025-07-30 20:07:09,941] INFO verificationapp.middleware Response status: 405 - Request ID: 1ae28430-0304-4995-ac84-c0d41a62ba14
[2025-07-30 20:07:10,124] INFO verificationapp.middleware Incoming request GET /api/validate/valid_id/ - Request ID: d83940cc-374f-4229-9076-3eb94270aa9c
[2025-07-30 20:07:10,172] INFO verificationapp.middleware Response status: 405 - Request ID: d83940cc-374f-4229-9076-3eb94270aa9c
[2025-07-30 20:07:10,295] INFO verificationapp.middleware Incoming request GET /api/validate/valid_id/ - Request ID: ca50080a-979b-46f1-910f-be38bbf41d9f
[2025-07-30 20:07:10,312] INFO verificationapp.middleware Response status: 405 - Request ID: ca50080a-979b-46f1-910f-be38bbf41d9f
[2025-07-30 20:07:10,504] INFO verificationapp.middleware Incoming request GET /api/validate/valid_id/ - Request ID: faabf9d0-f685-4f33-b29b-32ddab089bc7
[2025-07-30 20:07:10,580] INFO verificationapp.middleware Response status: 405 - Request ID: faabf9d0-f685-4f33-b29b-32ddab089bc7
[2025-07-30 20:07:10,690] INFO verificationapp.middleware Incoming request GET /api/validate/valid_id/ - Request ID: ce33722c-d23e-4c6c-a98e-eb773f83d648
[2025-07-30 20:07:10,704] INFO verificationapp.middleware Response status: 405 - Request ID: ce33722c-d23e-4c6c-a98e-eb773f83d648
[2025-07-30 20:07:10,892] INFO verificationapp.middleware Incoming request GET /api/validate/valid_id/ - Request ID: 75577df4-4093-4b8d-aca0-0795d0aba8bf
[2025-07-30 20:07:10,951] INFO verificationapp.middleware Response status: 405 - Request ID: 75577df4-4093-4b8d-aca0-0795d0aba8bf
[2025-07-30 20:07:11,060] INFO verificationapp.middleware Incoming request GET /api/validate/valid_id/ - Request ID: db04c31f-42c6-49e2-ac04-c3e034af487f
[2025-07-30 20:07:11,075] INFO verificationapp.middleware Response status: 405 - Request ID: db04c31f-42c6-49e2-ac04-c3e034af487f
[2025-07-30 20:07:11,253] INFO verificationapp.middleware Incoming request GET /api/validate/valid_id/ - Request ID: 961c92ea-04e7-410b-9d61-44b39dde0ca6
[2025-07-30 20:07:11,299] INFO verificationapp.middleware Response status: 405 - Request ID: 961c92ea-04e7-410b-9d61-44b39dde0ca6
[2025-07-30 20:07:11,440] INFO verificationapp.middleware Incoming request GET /api/validate/valid_id/ - Request ID: 185c1019-2d4f-41bb-bdc4-7c23a126defa
[2025-07-30 20:07:11,456] INFO verificationapp.middleware Response status: 405 - Request ID: 185c1019-2d4f-41bb-bdc4-7c23a126defa
[2025-07-30 20:07:11,649] INFO verificationapp.middleware Incoming request GET /api/validate/valid_id/ - Request ID: ae8642ce-e5bd-4e8d-93ed-f9b840409952
[2025-07-30 20:07:11,755] INFO verificationapp.middleware Response status: 405 - Request ID: ae8642ce-e5bd-4e8d-93ed-f9b840409952
[2025-07-30 20:07:11,822] INFO verificationapp.middleware Incoming request GET /api/validate/valid_id/ - Request ID: b30dc6d4-e414-46a0-a4ea-1e74f4ce6565
[2025-07-30 20:07:11,838] INFO verificationapp.middleware Response status: 405 - Request ID: b30dc6d4-e414-46a0-a4ea-1e74f4ce6565
[2025-07-30 20:07:12,023] INFO verificationapp.middleware Incoming request GET /api/validate/valid_id/ - Request ID: 5c742725-c962-4402-8727-a485ff75acee
[2025-07-30 20:07:12,059] INFO verificationapp.middleware Response status: 405 - Request ID: 5c742725-c962-4402-8727-a485ff75acee
[2025-07-30 20:07:12,214] INFO verificationapp.middleware Incoming request GET /api/validate/valid_id/ - Request ID: 0edc3618-5cb5-4ce4-98a9-d6ae1ad44ddf
[2025-07-30 20:07:12,235] INFO verificationapp.middleware Response status: 405 - Request ID: 0edc3618-5cb5-4ce4-98a9-d6ae1ad44ddf
[2025-07-30 20:07:12,416] INFO verificationapp.middleware Incoming request GET /api/validate/valid_id/ - Request ID: 780ca8c1-dc21-47ce-8692-673befc865fc
[2025-07-30 20:07:12,468] INFO verificationapp.middleware Response status: 405 - Request ID: 780ca8c1-dc21-47ce-8692-673befc865fc
[2025-07-30 20:07:12,584] INFO verificationapp.middleware Incoming request GET /api/validate/valid_id/ - Request ID: efaa4118-c6bd-4f28-90c8-e5066c364bf7
[2025-07-30 20:07:12,602] INFO verificationapp.middleware Response status: 405 - Request ID: efaa4118-c6bd-4f28-90c8-e5066c364bf7
[2025-07-30 20:07:12,792] INFO verificationapp.middleware Incoming request GET /api/validate/valid_id/ - Request ID: 2c87d1c1-d5cf-4b6e-ad35-e31f7ec10282
[2025-07-30 20:07:12,843] INFO verificationapp.middleware Response status: 405 - Request ID: 2c87d1c1-d5cf-4b6e-ad35-e31f7ec10282
[2025-07-30 20:07:12,965] INFO verificationapp.middleware Incoming request GET /api/validate/valid_id/ - Request ID: 0c020687-4c1b-4bf4-a7be-fda0c788e9b4
[2025-07-30 20:07:12,983] INFO verificationapp.middleware Response status: 405 - Request ID: 0c020687-4c1b-4bf4-a7be-fda0c788e9b4
[2025-07-30 20:07:13,190] INFO verificationapp.middleware Incoming request GET /api/validate/valid_id/ - Request ID: f427561c-44c0-4cbe-83dc-0f54b0c60899
[2025-07-30 20:07:13,248] INFO verificationapp.middleware Response status: 405 - Request ID: f427561c-44c0-4cbe-83dc-0f54b0c60899
[2025-07-30 20:07:13,346] INFO verificationapp.middleware Incoming request GET /api/validate/valid_id/ - Request ID: 7118ab65-19de-4c05-8359-b190abfc2006
[2025-07-30 20:07:13,361] INFO verificationapp.middleware Response status: 405 - Request ID: 7118ab65-19de-4c05-8359-b190abfc2006
[2025-07-30 20:07:13,553] INFO verificationapp.middleware Incoming request GET /api/validate/valid_id/ - Request ID: 97e57eb2-fefe-424d-9d9a-dacc275feea2
[2025-07-30 20:07:13,602] INFO verificationapp.middleware Response status: 405 - Request ID: 97e57eb2-fefe-424d-9d9a-dacc275feea2
[2025-07-30 20:07:13,729] INFO verificationapp.middleware Incoming request GET /api/validate/valid_id/ - Request ID: ba62b6f2-4082-481b-b616-58a34280f362
[2025-07-30 20:07:13,745] INFO verificationapp.middleware Response status: 405 - Request ID: ba62b6f2-4082-481b-b616-58a34280f362
[2025-07-30 20:07:13,914] INFO verificationapp.middleware Incoming request GET /api/validate/valid_id/ - Request ID: 90b0e504-3764-42e9-aa09-44224b63a115
[2025-07-30 20:07:13,948] INFO verificationapp.middleware Response status: 405 - Request ID: 90b0e504-3764-42e9-aa09-44224b63a115
[2025-07-30 20:07:17,346] INFO verificationapp.middleware Incoming request POST /api/validate/valid_id/ - Request ID: 7bd1236d-f477-4181-a4af-4e771ee29d0a
[2025-07-30 20:07:17,381] INFO verificationapp.middleware Response status: 400 - Request ID: 7bd1236d-f477-4181-a4af-4e771ee29d0a
[2025-07-30 20:07:19,239] INFO verificationapp.middleware Incoming request POST /api/validate/valid_id/ - Request ID: 0a933c11-fb3f-40da-81b5-3bb9f5a7a9c3
[2025-07-30 20:07:19,257] INFO verificationapp.middleware Response status: 400 - Request ID: 0a933c11-fb3f-40da-81b5-3bb9f5a7a9c3
[2025-07-30 20:07:20,907] INFO verificationapp.middleware Incoming request POST /api/validate/valid_id/ - Request ID: 42b87227-fb8e-4564-9fd1-017ea1e68e82
[2025-07-30 20:07:20,940] INFO verificationapp.middleware Response status: 400 - Request ID: 42b87227-fb8e-4564-9fd1-017ea1e68e82
[2025-07-30 20:07:21,535] INFO verificationapp.middleware Incoming request POST /api/validate/valid_id/ - Request ID: aea0db49-394c-4b4d-8ed4-49b129615f3a
[2025-07-30 20:07:21,552] INFO verificationapp.middleware Response status: 400 - Request ID: aea0db49-394c-4b4d-8ed4-49b129615f3a
[2025-07-30 20:07:22,192] INFO verificationapp.middleware Incoming request POST /api/validate/valid_id/ - Request ID: 7a6938d8-49d2-45e3-9a23-7ce9ba1b2e19
[2025-07-30 20:07:22,217] INFO verificationapp.middleware Response status: 400 - Request ID: 7a6938d8-49d2-45e3-9a23-7ce9ba1b2e19
[2025-07-30 20:07:22,694] INFO verificationapp.middleware Incoming request POST /api/validate/valid_id/ - Request ID: 02704b52-9b79-415c-8a53-ef788d3e2e2d
[2025-07-30 20:07:22,736] INFO verificationapp.middleware Response status: 400 - Request ID: 02704b52-9b79-415c-8a53-ef788d3e2e2d
[2025-07-30 20:07:23,033] INFO verificationapp.middleware Incoming request POST /api/validate/valid_id/ - Request ID: ffd14655-eb65-4dc0-9f18-45a5000e9968
[2025-07-30 20:07:23,084] INFO verificationapp.middleware Response status: 400 - Request ID: ffd14655-eb65-4dc0-9f18-45a5000e9968
[2025-07-30 20:07:23,391] INFO verificationapp.middleware Incoming request POST /api/validate/valid_id/ - Request ID: 259b5f70-c2ae-4d80-8b9d-ce507cfdf3a7
[2025-07-30 20:07:23,447] INFO verificationapp.middleware Response status: 400 - Request ID: 259b5f70-c2ae-4d80-8b9d-ce507cfdf3a7
[2025-07-30 20:07:23,730] INFO verificationapp.middleware Incoming request POST /api/validate/valid_id/ - Request ID: fdc0920b-bae5-4dda-8cdb-730e57a79e08
[2025-07-30 20:07:23,782] INFO verificationapp.middleware Response status: 400 - Request ID: fdc0920b-bae5-4dda-8cdb-730e57a79e08
[2025-07-30 20:07:24,079] INFO verificationapp.middleware Incoming request POST /api/validate/valid_id/ - Request ID: e82cbc38-acd5-4267-9103-e46a7ab86a44
[2025-07-30 20:07:24,138] INFO verificationapp.middleware Response status: 400 - Request ID: e82cbc38-acd5-4267-9103-e46a7ab86a44
[2025-07-30 20:07:24,412] INFO verificationapp.middleware Incoming request POST /api/validate/valid_id/ - Request ID: aeb3c655-8570-4475-a6ec-123014ca52e3
[2025-07-30 20:07:24,464] INFO verificationapp.middleware Response status: 400 - Request ID: aeb3c655-8570-4475-a6ec-123014ca52e3
[2025-07-30 20:07:26,385] INFO verificationapp.middleware Incoming request POST /api/validate/valid_id/ - Request ID: e9feb652-5d01-4aee-b5ee-ad57ff5da3a1
[2025-07-30 20:07:26,411] INFO verificationapp.middleware Response status: 400 - Request ID: e9feb652-5d01-4aee-b5ee-ad57ff5da3a1
[2025-07-30 20:07:27,849] INFO verificationapp.middleware Incoming request POST /api/validate/valid_id/ - Request ID: 0f1b4d15-e239-49a5-8af7-188d55711ccc
[2025-07-30 20:07:27,871] INFO verificationapp.middleware Response status: 400 - Request ID: 0f1b4d15-e239-49a5-8af7-188d55711ccc
[2025-07-30 20:07:29,201] INFO verificationapp.middleware Incoming request POST /api/validate/valid_id/ - Request ID: dfc435a6-6b31-4c57-b27a-e683310a4ec8
[2025-07-30 20:07:29,239] INFO verificationapp.middleware Response status: 400 - Request ID: dfc435a6-6b31-4c57-b27a-e683310a4ec8
[2025-07-30 20:07:31,022] INFO verificationapp.middleware Incoming request POST /api/validate/valid_id/ - Request ID: 59fb65a6-ce3f-4b08-88bf-c3d824a419b0
[2025-07-30 20:07:31,043] INFO verificationapp.middleware Response status: 400 - Request ID: 59fb65a6-ce3f-4b08-88bf-c3d824a419b0
[2025-07-30 20:07:33,207] INFO verificationapp.middleware Incoming request POST /api/validate/valid_id/ - Request ID: 32d414e8-9134-47f3-ac96-d8da3016227c
[2025-07-30 20:07:33,225] INFO verificationapp.middleware Response status: 400 - Request ID: 32d414e8-9134-47f3-ac96-d8da3016227c
[2025-07-30 20:07:34,850] INFO verificationapp.middleware Incoming request POST /api/validate/valid_id/ - Request ID: bf205265-b8cd-42d0-9b75-36ea8ea2c836
[2025-07-30 20:07:34,869] INFO verificationapp.middleware Response status: 400 - Request ID: bf205265-b8cd-42d0-9b75-36ea8ea2c836
[2025-07-30 20:07:36,301] INFO verificationapp.middleware Incoming request POST /api/validate/valid_id/ - Request ID: 585911c7-5ec9-453d-a4e9-e2afe1ec3772
[2025-07-30 20:07:36,327] INFO verificationapp.middleware Response status: 400 - Request ID: 585911c7-5ec9-453d-a4e9-e2afe1ec3772
[2025-07-30 20:07:37,748] INFO verificationapp.middleware Incoming request POST /api/validate/valid_id/ - Request ID: c024ce9b-ae36-4f96-891f-da96c6d9d6e1
[2025-07-30 20:07:37,770] INFO verificationapp.middleware Response status: 400 - Request ID: c024ce9b-ae36-4f96-891f-da96c6d9d6e1
[2025-07-30 20:07:39,118] INFO verificationapp.middleware Incoming request POST /api/validate/valid_id/ - Request ID: bda0d450-84b2-4203-a692-e64156750ddc
[2025-07-30 20:07:39,146] INFO verificationapp.middleware Response status: 400 - Request ID: bda0d450-84b2-4203-a692-e64156750ddc
[2025-07-30 20:07:40,879] INFO verificationapp.middleware Incoming request POST /api/validate/valid_id/ - Request ID: a595fe93-ec77-4939-80cb-a1f5209c6a9c
[2025-07-30 20:07:40,939] INFO verificationapp.middleware Response status: 400 - Request ID: a595fe93-ec77-4939-80cb-a1f5209c6a9c
[2025-07-30 20:07:42,486] INFO verificationapp.middleware Incoming request POST /api/validate/valid_id/ - Request ID: c121c793-fde4-412f-a36d-1704d4406b8d
[2025-07-30 20:07:42,504] INFO verificationapp.middleware Response status: 400 - Request ID: c121c793-fde4-412f-a36d-1704d4406b8d
[2025-07-30 20:07:44,258] INFO verificationapp.middleware Incoming request POST /api/validate/valid_id/ - Request ID: 1bbb1e2d-d4d7-4cc4-a954-e4eda7645254
[2025-07-30 20:07:44,279] INFO verificationapp.middleware Response status: 400 - Request ID: 1bbb1e2d-d4d7-4cc4-a954-e4eda7645254
[2025-07-30 20:07:46,041] INFO verificationapp.middleware Incoming request POST /api/validate/valid_id/ - Request ID: 178ef650-4253-4314-ae1f-f2696a712a75
[2025-07-30 20:07:46,063] INFO verificationapp.middleware Response status: 400 - Request ID: 178ef650-4253-4314-ae1f-f2696a712a75
[2025-07-30 20:07:48,201] INFO verificationapp.middleware Incoming request POST /api/validate/valid_id/ - Request ID: 2e080e50-4d2c-4162-b845-a9375440e998
[2025-07-30 20:07:48,241] INFO verificationapp.middleware Response status: 400 - Request ID: 2e080e50-4d2c-4162-b845-a9375440e998
[2025-07-30 20:07:50,221] INFO verificationapp.middleware Incoming request POST /api/validate/valid_id/ - Request ID: 6ee11699-5ffe-4ef6-a861-47889fc60ccf
[2025-07-30 20:07:50,249] INFO verificationapp.middleware Response status: 400 - Request ID: 6ee11699-5ffe-4ef6-a861-47889fc60ccf
[2025-07-30 20:07:52,142] INFO verificationapp.middleware Incoming request POST /api/validate/valid_id/ - Request ID: 0277c81e-b638-4a9d-b79a-0648f9f369fa
[2025-07-30 20:07:52,169] INFO verificationapp.middleware Response status: 400 - Request ID: 0277c81e-b638-4a9d-b79a-0648f9f369fa
[2025-07-30 20:07:53,699] INFO verificationapp.middleware Incoming request POST /api/validate/valid_id/ - Request ID: a180561b-3b21-45d5-8a4b-37aa15a35476
[2025-07-30 20:07:53,722] INFO verificationapp.middleware Response status: 400 - Request ID: a180561b-3b21-45d5-8a4b-37aa15a35476
[2025-07-30 20:10:34,651] INFO verificationapp.middleware Incoming request POST /api/validate/valid_id/ - Request ID: 756024d1-e1a6-4d69-93bc-7906b143eb4d
[2025-07-30 20:10:34,658] INFO verificationapp.middleware Response status: 400 - Request ID: 756024d1-e1a6-4d69-93bc-7906b143eb4d
[2025-07-30 20:10:34,662] INFO verificationapp.middleware Incoming request POST /api/validate/valid_id/ - Request ID: 866d2828-1c99-49fa-affa-6df6db301ebf
[2025-07-30 20:10:34,671] INFO verificationapp.middleware Response status: 400 - Request ID: 866d2828-1c99-49fa-affa-6df6db301ebf
[2025-07-30 20:10:34,675] INFO verificationapp.middleware Incoming request POST /api/validate/valid_id/ - Request ID: ba6a36dd-41ce-442b-91fe-15e90377c068
[2025-07-30 20:10:34,684] INFO verificationapp.middleware Response status: 400 - Request ID: ba6a36dd-41ce-442b-91fe-15e90377c068
[2025-07-30 20:10:34,688] INFO verificationapp.middleware Incoming request POST /api/validate/valid_id/ - Request ID: 75163d3a-d45b-49b9-bd4c-f0834240c669
[2025-07-30 20:10:34,697] INFO verificationapp.middleware Response status: 400 - Request ID: 75163d3a-d45b-49b9-bd4c-f0834240c669
[2025-07-30 20:10:34,705] INFO verificationapp.middleware Incoming request POST /api/validate/valid_id/ - Request ID: b7bb8ee4-703b-485c-94c1-32def2f9ffe8
[2025-07-30 20:10:34,720] INFO verificationapp.middleware Response status: 400 - Request ID: b7bb8ee4-703b-485c-94c1-32def2f9ffe8
[2025-07-30 20:10:34,728] INFO verificationapp.middleware Incoming request POST /api/validate/valid_id/ - Request ID: a44cd89a-82e1-4525-99cc-c31fb43a7a82
[2025-07-30 20:10:34,738] INFO verificationapp.middleware Response status: 400 - Request ID: a44cd89a-82e1-4525-99cc-c31fb43a7a82
[2025-07-30 20:10:34,746] INFO verificationapp.middleware Incoming request POST /api/validate/valid_id/ - Request ID: 62397303-4541-4f7c-bda3-6fcbdb14c767
[2025-07-30 20:10:34,759] INFO verificationapp.middleware Response status: 400 - Request ID: 62397303-4541-4f7c-bda3-6fcbdb14c767
[2025-07-30 20:10:34,767] INFO verificationapp.middleware Incoming request POST /api/validate/valid_id/ - Request ID: fa1fe06d-afb8-4781-ab4b-8148c98766cb
[2025-07-30 20:10:34,782] INFO verificationapp.middleware Response status: 400 - Request ID: fa1fe06d-afb8-4781-ab4b-8148c98766cb
[2025-07-30 20:10:34,798] INFO verificationapp.middleware Incoming request POST /api/validate/valid_id/ - Request ID: f7aa1e89-ea36-48c5-bd35-81d46d77285c
[2025-07-30 20:10:34,809] INFO verificationapp.middleware Response status: 400 - Request ID: f7aa1e89-ea36-48c5-bd35-81d46d77285c
[2025-07-30 20:10:34,816] INFO verificationapp.middleware Incoming request POST /api/validate/valid_id/ - Request ID: 1d935fb0-f2ab-43e0-a885-11f441bb5728
[2025-07-30 20:10:34,828] INFO verificationapp.middleware Response status: 400 - Request ID: 1d935fb0-f2ab-43e0-a885-11f441bb5728
[2025-07-30 20:10:34,837] INFO verificationapp.middleware Incoming request POST /api/validate/valid_id/ - Request ID: 81d9418a-3717-451c-b2bc-aa65170ea1e1
[2025-07-30 20:10:34,850] INFO verificationapp.middleware Response status: 429 - Request ID: 81d9418a-3717-451c-b2bc-aa65170ea1e1
[2025-07-30 20:10:37,403] INFO verificationapp.middleware Incoming request POST /api/validate/valid_id/ - Request ID: 795720f1-e260-4250-adba-2a0636304ee4
[2025-07-30 20:10:37,412] INFO verificationapp.middleware Response status: 429 - Request ID: 795720f1-e260-4250-adba-2a0636304ee4
[2025-07-30 20:10:38,715] INFO verificationapp.middleware Incoming request POST /api/validate/valid_id/ - Request ID: e944c0ef-16b8-4d8c-a5bd-b03338be3f21
[2025-07-30 20:10:38,727] INFO verificationapp.middleware Response status: 429 - Request ID: e944c0ef-16b8-4d8c-a5bd-b03338be3f21
[2025-07-30 20:10:39,710] INFO verificationapp.middleware Incoming request POST /api/validate/valid_id/ - Request ID: 357e0a07-74a8-4986-b914-5b02b435ebe0
[2025-07-30 20:10:39,720] INFO verificationapp.middleware Response status: 429 - Request ID: 357e0a07-74a8-4986-b914-5b02b435ebe0
[2025-07-30 20:10:41,765] INFO verificationapp.middleware Incoming request POST /api/validate/valid_id/ - Request ID: cade61f2-9111-4131-898d-22078644ebcf
[2025-07-30 20:10:41,773] INFO verificationapp.middleware Response status: 429 - Request ID: cade61f2-9111-4131-898d-22078644ebcf
[2025-07-30 20:11:19,572] INFO verificationapp.middleware Incoming request POST /api/validate/valid_id/ - Request ID: 34163e45-6188-4399-8953-18627fe48848
[2025-07-30 20:11:19,579] INFO verificationapp.middleware Response status: 429 - Request ID: 34163e45-6188-4399-8953-18627fe48848
[2025-07-30 20:11:20,777] INFO verificationapp.middleware Incoming request POST /api/validate/valid_id/ - Request ID: f1e63966-5907-4a03-8547-8e71b3d39a19
[2025-07-30 20:11:20,786] INFO verificationapp.middleware Response status: 429 - Request ID: f1e63966-5907-4a03-8547-8e71b3d39a19
[2025-07-30 20:11:21,179] INFO verificationapp.middleware Incoming request POST /api/validate/valid_id/ - Request ID: 954e23e1-1214-4761-9352-82f19c5dfdf9
[2025-07-30 20:11:21,185] INFO verificationapp.middleware Response status: 429 - Request ID: 954e23e1-1214-4761-9352-82f19c5dfdf9
[2025-07-30 20:11:21,565] INFO verificationapp.middleware Incoming request POST /api/validate/valid_id/ - Request ID: 7c831b79-472d-441a-b06f-7dc9402cfbd0
[2025-07-30 20:11:21,573] INFO verificationapp.middleware Response status: 429 - Request ID: 7c831b79-472d-441a-b06f-7dc9402cfbd0
[2025-07-30 20:11:22,935] INFO verificationapp.middleware Incoming request POST /api/validate/valid_id/ - Request ID: 2ef99467-1cc9-4d67-b694-68a9bc5bc8e5
[2025-07-30 20:11:22,943] INFO verificationapp.middleware Response status: 429 - Request ID: 2ef99467-1cc9-4d67-b694-68a9bc5bc8e5
[2025-07-30 20:11:23,634] INFO verificationapp.middleware Incoming request POST /api/validate/valid_id/ - Request ID: 63007962-33bf-4d78-bc1a-72feacb477fb
[2025-07-30 20:11:23,641] INFO verificationapp.middleware Response status: 429 - Request ID: 63007962-33bf-4d78-bc1a-72feacb477fb
[2025-07-30 20:14:16,771] INFO verificationapp.middleware Incoming request POST /api/validate/valid_id/ - Request ID: 78dd5b4b-8786-4b27-8f61-75b4eb03e6e7
[2025-07-30 20:14:16,787] INFO verificationapp.middleware Response status: 400 - Request ID: 78dd5b4b-8786-4b27-8f61-75b4eb03e6e7
[2025-07-30 20:17:22,330] INFO verificationapp.middleware Incoming request POST /api/validate/valid_id/ - Request ID: c1761b7c-d078-4cf7-8927-5b383385560e
[2025-07-30 20:17:22,344] INFO verificationapp.middleware Response status: 201 - Request ID: c1761b7c-d078-4cf7-8927-5b383385560e
[2025-07-30 20:17:22,345] INFO verificationapp.middleware Incoming request POST /api/validate/valid_id/ - Request ID: 0faf2133-aaea-4a9a-af82-53239f373dce
[2025-07-30 20:17:22,346] INFO verificationapp.middleware Response status: 201 - Request ID: 0faf2133-aaea-4a9a-af82-53239f373dce
[2025-07-30 20:17:22,347] INFO verificationapp.middleware Incoming request POST /api/validate/valid_id/ - Request ID: 13574845-f4fe-4bb0-a3eb-b63a56afbea8
[2025-07-30 20:17:22,348] INFO verificationapp.middleware Response status: 201 - Request ID: 13574845-f4fe-4bb0-a3eb-b63a56afbea8
[2025-07-30 20:17:22,348] INFO verificationapp.middleware Incoming request POST /api/validate/valid_id/ - Request ID: 655c7bdc-0478-40e5-a56f-07ab7c2c9c1e
[2025-07-30 20:17:22,349] INFO verificationapp.middleware Response status: 201 - Request ID: 655c7bdc-0478-40e5-a56f-07ab7c2c9c1e
[2025-07-30 20:17:22,350] INFO verificationapp.middleware Incoming request POST /api/validate/valid_id/ - Request ID: 4df9c235-5a7f-489c-a71a-05dd00c3850d
[2025-07-30 20:17:22,351] INFO verificationapp.middleware Response status: 201 - Request ID: 4df9c235-5a7f-489c-a71a-05dd00c3850d
[2025-07-30 20:17:22,352] INFO verificationapp.middleware Incoming request POST /api/validate/valid_id/ - Request ID: e93341c8-4949-43a7-9ec5-e31666fcae3b
[2025-07-30 20:17:22,353] INFO verificationapp.middleware Response status: 201 - Request ID: e93341c8-4949-43a7-9ec5-e31666fcae3b
[2025-07-30 20:17:22,353] INFO verificationapp.middleware Incoming request POST /api/validate/valid_id/ - Request ID: 6912bfef-11ba-4dec-955a-a4ac6c772ad3
[2025-07-30 20:17:22,354] INFO verificationapp.middleware Response status: 201 - Request ID: 6912bfef-11ba-4dec-955a-a4ac6c772ad3
[2025-07-30 20:17:22,354] INFO verificationapp.middleware Incoming request POST /api/validate/valid_id/ - Request ID: f0f677a3-7ac2-4618-86d9-05bedaf2739d
[2025-07-30 20:17:22,355] INFO verificationapp.middleware Response status: 201 - Request ID: f0f677a3-7ac2-4618-86d9-05bedaf2739d
[2025-07-30 20:17:22,356] INFO verificationapp.middleware Incoming request POST /api/validate/valid_id/ - Request ID: c4559c19-a2f7-4d77-a303-be718d0792dd
[2025-07-30 20:17:22,357] INFO verificationapp.middleware Response status: 201 - Request ID: c4559c19-a2f7-4d77-a303-be718d0792dd
[2025-07-30 20:17:22,357] INFO verificationapp.middleware Incoming request POST /api/validate/valid_id/ - Request ID: 626dbce6-dce0-4b9a-b011-eabd7545ed3f
[2025-07-30 20:17:22,358] INFO verificationapp.middleware Response status: 201 - Request ID: 626dbce6-dce0-4b9a-b011-eabd7545ed3f
[2025-07-30 20:17:22,359] INFO verificationapp.middleware Incoming request POST /api/validate/valid_id/ - Request ID: c1e5d4de-d0e0-434d-a165-5682a3dce608
[2025-07-30 20:17:22,360] INFO verificationapp.middleware Response status: 429 - Request ID: c1e5d4de-d0e0-434d-a165-5682a3dce608
[2025-07-30 20:32:08,279] INFO verificationapp.middleware Incoming request GET /admin/ - Request ID: 48701d22-b8cb-457d-a050-68c5a71ab27d
[2025-07-30 20:32:08,357] INFO verificationapp.middleware Response status: 200 - Request ID: 48701d22-b8cb-457d-a050-68c5a71ab27d
[2025-07-30 20:32:11,271] INFO verificationapp.middleware Incoming request GET /admin/rest_framework_api_key/apikey/ - Request ID: 577308d3-0661-4c15-be02-b123e92ce376
[2025-07-30 20:32:11,379] INFO verificationapp.middleware Response status: 200 - Request ID: 577308d3-0661-4c15-be02-b123e92ce376
[2025-07-30 20:32:11,418] INFO verificationapp.middleware Incoming request GET /admin/jsi18n/ - Request ID: 5960f586-b322-4a86-aa81-0ca5e8a60c1a
[2025-07-30 20:32:11,438] INFO verificationapp.middleware Response status: 200 - Request ID: 5960f586-b322-4a86-aa81-0ca5e8a60c1a
[2025-07-30 20:32:13,511] INFO verificationapp.middleware Incoming request GET /admin/rest_framework_api_key/apikey/add/ - Request ID: 297aa59f-34d2-468e-84c4-9f499a8eeca6
[2025-07-30 20:32:13,569] INFO verificationapp.middleware Response status: 200 - Request ID: 297aa59f-34d2-468e-84c4-9f499a8eeca6
[2025-07-30 20:32:13,604] INFO verificationapp.middleware Incoming request GET /admin/jsi18n/ - Request ID: 5dff6d6b-e1f3-4d4b-ac56-4d6107a02a91
[2025-07-30 20:32:13,632] INFO verificationapp.middleware Response status: 200 - Request ID: 5dff6d6b-e1f3-4d4b-ac56-4d6107a02a91
[2025-07-30 20:32:33,115] INFO verificationapp.middleware Incoming request POST /admin/rest_framework_api_key/apikey/add/ - Request ID: a13f7b62-692b-4dd5-bb14-ddf528e55e8e
[2025-07-30 20:32:33,159] INFO verificationapp.middleware Response status: 302 - Request ID: a13f7b62-692b-4dd5-bb14-ddf528e55e8e
[2025-07-30 20:32:33,171] INFO verificationapp.middleware Incoming request GET /admin/rest_framework_api_key/apikey/ - Request ID: 32ea3e0c-cc03-47c1-88d2-79b51fd38a62
[2025-07-30 20:32:33,232] INFO verificationapp.middleware Response status: 200 - Request ID: 32ea3e0c-cc03-47c1-88d2-79b51fd38a62
[2025-07-30 20:32:33,365] INFO verificationapp.middleware Incoming request GET /admin/jsi18n/ - Request ID: f6487b5b-9155-4e8e-8cfd-9a12bef78844
[2025-07-30 20:32:33,384] INFO verificationapp.middleware Response status: 200 - Request ID: f6487b5b-9155-4e8e-8cfd-9a12bef78844
[2025-07-30 20:32:51,615] INFO verificationapp.middleware Incoming request POST /api/validate/valid_id/ - Request ID: 3500254e-57db-4bdb-b981-54768591103d
[2025-07-30 20:32:51,645] INFO verificationapp.middleware Response status: 403 - Request ID: 3500254e-57db-4bdb-b981-54768591103d
[2025-07-30 20:33:38,786] INFO verificationapp.middleware Incoming request POST /api/validate/valid_id/ - Request ID: 69f25db7-aa0f-4132-8e8b-bea14072c8d2
[2025-07-30 20:33:38,806] INFO verificationapp.middleware Response status: 403 - Request ID: 69f25db7-aa0f-4132-8e8b-bea14072c8d2
[2025-07-30 20:33:41,933] INFO verificationapp.middleware Incoming request POST /api/validate/valid_id/ - Request ID: f0d3c13c-91ac-4367-b2a4-170e6b4dc72e
[2025-07-30 20:33:41,952] INFO verificationapp.middleware Response status: 403 - Request ID: f0d3c13c-91ac-4367-b2a4-170e6b4dc72e
[2025-07-30 20:34:02,122] INFO verificationapp.middleware Incoming request POST /api/validate/valid_id/ - Request ID: fcb7be78-ec2a-4108-822e-43ab4b149125
[2025-07-30 20:34:02,157] INFO verificationapp.middleware Response status: 201 - Request ID: fcb7be78-ec2a-4108-822e-43ab4b149125
[2025-07-30 20:34:02,159] INFO verificationapp.middleware Incoming request POST /api/validate/valid_id/ - Request ID: 2cd95642-2aa1-4f20-85dd-b50fd998c564
[2025-07-30 20:34:02,165] INFO verificationapp.middleware Response status: 201 - Request ID: 2cd95642-2aa1-4f20-85dd-b50fd998c564
[2025-07-30 20:34:02,166] INFO verificationapp.middleware Incoming request POST /api/validate/valid_id/ - Request ID: 0ba1cc96-f36f-4306-8e09-0f05e1511a85
[2025-07-30 20:34:02,168] INFO verificationapp.middleware Response status: 201 - Request ID: 0ba1cc96-f36f-4306-8e09-0f05e1511a85
[2025-07-30 20:34:02,169] INFO verificationapp.middleware Incoming request POST /api/validate/valid_id/ - Request ID: 236911ee-1b03-4570-b281-8ec725d05819
[2025-07-30 20:34:02,171] INFO verificationapp.middleware Response status: 201 - Request ID: 236911ee-1b03-4570-b281-8ec725d05819
[2025-07-30 20:34:02,172] INFO verificationapp.middleware Incoming request POST /api/validate/valid_id/ - Request ID: c2f2b06f-9e42-41fc-8c97-9b05c6b7bffa
[2025-07-30 20:34:02,174] INFO verificationapp.middleware Response status: 201 - Request ID: c2f2b06f-9e42-41fc-8c97-9b05c6b7bffa
[2025-07-30 20:34:02,175] INFO verificationapp.middleware Incoming request POST /api/validate/valid_id/ - Request ID: 309869c6-62ef-4cfe-a628-f0423c7f8566
[2025-07-30 20:34:02,177] INFO verificationapp.middleware Response status: 201 - Request ID: 309869c6-62ef-4cfe-a628-f0423c7f8566
[2025-07-30 20:34:02,178] INFO verificationapp.middleware Incoming request POST /api/validate/valid_id/ - Request ID: 4240c7ec-fecc-48df-8459-95127d1ba500
[2025-07-30 20:34:02,180] INFO verificationapp.middleware Response status: 201 - Request ID: 4240c7ec-fecc-48df-8459-95127d1ba500
[2025-07-30 20:34:02,181] INFO verificationapp.middleware Incoming request POST /api/validate/valid_id/ - Request ID: ae4fe84e-bf86-4175-aed8-7d6bb262ef80
[2025-07-30 20:34:02,183] INFO verificationapp.middleware Response status: 201 - Request ID: ae4fe84e-bf86-4175-aed8-7d6bb262ef80
[2025-07-30 20:34:02,184] INFO verificationapp.middleware Incoming request POST /api/validate/valid_id/ - Request ID: e2098656-6f38-462b-bec1-c10a002a4680
[2025-07-30 20:34:02,186] INFO verificationapp.middleware Response status: 201 - Request ID: e2098656-6f38-462b-bec1-c10a002a4680
[2025-07-30 20:34:02,188] INFO verificationapp.middleware Incoming request POST /api/validate/valid_id/ - Request ID: 44083b4a-23bd-4aaa-b59b-16462b4b447e
[2025-07-30 20:34:02,189] INFO verificationapp.middleware Response status: 201 - Request ID: 44083b4a-23bd-4aaa-b59b-16462b4b447e
[2025-07-30 20:34:02,190] INFO verificationapp.middleware Incoming request POST /api/validate/valid_id/ - Request ID: 52daef8f-4bb0-4008-b42d-72cdfdfd0b0e
[2025-07-30 20:34:02,192] INFO verificationapp.middleware Response status: 429 - Request ID: 52daef8f-4bb0-4008-b42d-72cdfdfd0b0e
[2025-07-30 20:35:44,490] INFO verificationapp.middleware Incoming request POST /api/validate/valid_id/ - Request ID: 101de161-2416-495b-937b-60c5ce880492
[2025-07-30 20:35:44,510] INFO verificationapp.middleware Response status: 403 - Request ID: 101de161-2416-495b-937b-60c5ce880492
[2025-07-30 20:36:47,509] INFO verificationapp.middleware Incoming request GET /admin/rest_framework_api_key/apikey/pWUCRArx.sha512_24_2414bec142e3f43e221c008a2625823519710e54e9cb608061a86eab49b08f6105c666899590c43c76b13f4ef37b66f260353f6d751d436c6b11f666a902964074/change/ - Request ID: 214e9cb4-e6d4-41af-9473-9a4b03823b0e
[2025-07-30 20:36:47,595] INFO verificationapp.middleware Response status: 200 - Request ID: 214e9cb4-e6d4-41af-9473-9a4b03823b0e
[2025-07-30 20:36:47,655] INFO verificationapp.middleware Incoming request GET /admin/jsi18n/ - Request ID: b1ae5fdb-c61c-4275-856a-cfefe5f26423
[2025-07-30 20:36:47,677] INFO verificationapp.middleware Response status: 200 - Request ID: b1ae5fdb-c61c-4275-856a-cfefe5f26423
[2025-07-30 20:36:51,601] INFO verificationapp.middleware Incoming request POST /admin/rest_framework_api_key/apikey/pWUCRArx.sha512_24_2414bec142e3f43e221c008a2625823519710e54e9cb608061a86eab49b08f6105c666899590c43c76b13f4ef37b66f260353f6d751d436c6b11f666a902964074/change/ - Request ID: efaeba95-f936-4241-805a-690c4534bd4e
[2025-07-30 20:36:51,633] INFO verificationapp.middleware Response status: 302 - Request ID: efaeba95-f936-4241-805a-690c4534bd4e
[2025-07-30 20:36:51,637] INFO verificationapp.middleware Incoming request GET /admin/rest_framework_api_key/apikey/ - Request ID: 62a1fdb4-c017-4431-9b15-cdbe0f4cd94c
[2025-07-30 20:36:51,685] INFO verificationapp.middleware Response status: 200 - Request ID: 62a1fdb4-c017-4431-9b15-cdbe0f4cd94c
[2025-07-30 20:36:51,761] INFO verificationapp.middleware Incoming request GET /admin/jsi18n/ - Request ID: a1e55bbf-0560-4d51-a2d6-8ad1c419af03
[2025-07-30 20:36:51,780] INFO verificationapp.middleware Response status: 200 - Request ID: a1e55bbf-0560-4d51-a2d6-8ad1c419af03
[2025-07-30 20:36:56,520] INFO verificationapp.middleware Incoming request GET /admin/rest_framework_api_key/apikey/pWUCRArx.sha512_24_2414bec142e3f43e221c008a2625823519710e54e9cb608061a86eab49b08f6105c666899590c43c76b13f4ef37b66f260353f6d751d436c6b11f666a902964074/change/ - Request ID: 192f10af-b6b4-4ff9-8c11-44f1e71661b4
[2025-07-30 20:36:56,550] INFO verificationapp.middleware Response status: 200 - Request ID: 192f10af-b6b4-4ff9-8c11-44f1e71661b4
[2025-07-30 20:36:56,586] INFO verificationapp.middleware Incoming request GET /admin/jsi18n/ - Request ID: 39d569b1-ed2b-4ad1-bdc4-199cd0218390
[2025-07-30 20:36:56,604] INFO verificationapp.middleware Response status: 200 - Request ID: 39d569b1-ed2b-4ad1-bdc4-199cd0218390
[2025-07-30 20:37:08,407] INFO verificationapp.middleware Incoming request POST /api/validate/valid_id/ - Request ID: 82c96fa6-1e51-4e61-8076-34a726a79384
[2025-07-30 20:37:08,426] INFO verificationapp.middleware Response status: 403 - Request ID: 82c96fa6-1e51-4e61-8076-34a726a79384
